<?xml version="1.0" encoding="UTF-8"?>
<!-- Generated by org.testng.reporters.JUnitReportReporter -->
<testsuite hostname="Asta" failures="0" tests="1" name="com.acitime.timetrack.Demo" time="0.020" errors="0" timestamp="2020-08-31T10:58:20 IST" skipped="0">
  <testcase classname="com.acitime.timetrack.Demo" name="runTest" time="0.020"/>
  <system-out>
Successfully running  </system-out>
</testsuite> <!-- com.acitime.timetrack.Demo -->
